This is pdfTeX, Version 3.1415926-2.3-1.40.12 (MiKTeX 2.9) (preloaded format=pdflatex 2014.6.17)  24 AUG 2015 20:18
entering extended mode
**Certificates_Mappe.tex
(F:\lebenslauf\Personal\Certificates\Certificates_Mappe.tex
LaTeX2e <2011/06/27>
Babel <v3.8m> and hyphenation patterns for loaded.
(E:\CTEX\MiKTeX\tex\latex\base\article.cls
Document Class: article 2007/10/19 v1.4h Standard LaTeX document class
(E:\CTEX\MiKTeX\tex\latex\base\size10.clo
File: size10.clo 2007/10/19 v1.4h Standard LaTeX file (size option)
)
\c@part=\count79
\c@section=\count80
\c@subsection=\count81
\c@subsubsection=\count82
\c@paragraph=\count83
\c@subparagraph=\count84
\c@figure=\count85
\c@table=\count86
\abovecaptionskip=\skip41
\belowcaptionskip=\skip42
\bibindent=\dimen102
)
(E:\CTEX\MiKTeX\tex\latex\pdfpages\pdfpages.sty
Package: pdfpages 2011/03/10 v0.4n Insert pages of external PDF documents (AM)

(E:\CTEX\MiKTeX\tex\latex\base\ifthen.sty
Package: ifthen 2001/05/26 v1.1c Standard LaTeX ifthen package (DPC)
)
(E:\CTEX\MiKTeX\tex\latex\tools\calc.sty
Package: calc 2007/08/22 v4.3 Infix arithmetic (KKT,FJ)
\calc@Acount=\count87
\calc@Bcount=\count88
\calc@Adimen=\dimen103
\calc@Bdimen=\dimen104
\calc@Askip=\skip43
\calc@Bskip=\skip44
LaTeX Info: Redefining \setlength on input line 76.
LaTeX Info: Redefining \addtolength on input line 77.
\calc@Ccount=\count89
\calc@Cskip=\skip45
)
(E:\CTEX\MiKTeX\tex\latex\eso-pic\eso-pic.sty
Package: eso-pic 2010/10/06 v2.0c eso-pic (RN)

(E:\CTEX\MiKTeX\tex\generic\oberdiek\atbegshi.sty
Package: atbegshi 2011/01/30 v1.15 At begin shipout hook (HO)

(E:\CTEX\MiKTeX\tex\generic\oberdiek\infwarerr.sty
Package: infwarerr 2010/04/08 v1.3 Providing info/warning/message (HO)
)
(E:\CTEX\MiKTeX\tex\generic\oberdiek\ltxcmds.sty
Package: ltxcmds 2011/04/18 v1.20 LaTeX kernel commands for general use (HO)
)
(E:\CTEX\MiKTeX\tex\generic\oberdiek\ifpdf.sty
Package: ifpdf 2011/01/30 v2.3 Provides the ifpdf switch (HO)
Package ifpdf Info: pdfTeX in PDF mode is detected.
))
(E:\CTEX\MiKTeX\tex\latex\graphics\keyval.sty
Package: keyval 1999/03/16 v1.13 key=value parser (DPC)
\KV@toks@=\toks14
)
(E:\CTEX\MiKTeX\tex\latex\xcolor\xcolor.sty
Package: xcolor 2007/01/21 v2.11 LaTeX color extensions (UK)

(E:\CTEX\MiKTeX\tex\latex\00miktex\color.cfg
File: color.cfg 2007/01/18 v1.5 color configuration of teTeX/TeXLive
)
Package xcolor Info: Driver file: pdftex.def on input line 225.

(E:\CTEX\MiKTeX\tex\latex\pdftex-def\pdftex.def
File: pdftex.def 2011/05/27 v0.06d Graphics/color for pdfTeX
\Gread@gobject=\count90
)
Package xcolor Info: Model `cmy' substituted by `cmy0' on input line 1337.
Package xcolor Info: Model `hsb' substituted by `rgb' on input line 1341.
Package xcolor Info: Model `RGB' extended on input line 1353.
Package xcolor Info: Model `HTML' substituted by `rgb' on input line 1355.
Package xcolor Info: Model `Hsb' substituted by `hsb' on input line 1356.
Package xcolor Info: Model `tHsb' substituted by `hsb' on input line 1357.
Package xcolor Info: Model `HSB' substituted by `hsb' on input line 1358.
Package xcolor Info: Model `Gray' substituted by `gray' on input line 1359.
Package xcolor Info: Model `wave' substituted by `hsb' on input line 1360.
))
(E:\CTEX\MiKTeX\tex\latex\graphics\graphicx.sty
Package: graphicx 1999/02/16 v1.0f Enhanced LaTeX Graphics (DPC,SPQR)

(E:\CTEX\MiKTeX\tex\latex\graphics\graphics.sty
Package: graphics 2009/02/05 v1.0o Standard LaTeX Graphics (DPC,SPQR)

(E:\CTEX\MiKTeX\tex\latex\graphics\trig.sty
Package: trig 1999/03/16 v1.09 sin cos tan (DPC)
)
(E:\CTEX\MiKTeX\tex\latex\00miktex\graphics.cfg
File: graphics.cfg 2007/01/18 v1.5 graphics configuration of teTeX/TeXLive
)
Package graphics Info: Driver file: pdftex.def on input line 91.
)
\Gin@req@height=\dimen105
\Gin@req@width=\dimen106
)
(E:\CTEX\MiKTeX\tex\latex\pdfpages\pppdftex.def
File: pppdftex.def 2011/03/10 v0.4n Pdfpages driver for pdfTeX (AM)
)
\AM@pagebox=\box26
\AM@toc@title=\toks15
\c@AM@survey=\count91
\AM@templatesizebox=\box27
)

LaTeX Warning: Unused global option(s):
    [paper=a4].

(F:\lebenslauf\Personal\Certificates\Certificates_Mappe.aux)
LaTeX Font Info:    Checking defaults for OML/cmm/m/it on input line 4.
LaTeX Font Info:    ... okay on input line 4.
LaTeX Font Info:    Checking defaults for T1/cmr/m/n on input line 4.
LaTeX Font Info:    ... okay on input line 4.
LaTeX Font Info:    Checking defaults for OT1/cmr/m/n on input line 4.
LaTeX Font Info:    ... okay on input line 4.
LaTeX Font Info:    Checking defaults for OMS/cmsy/m/n on input line 4.
LaTeX Font Info:    ... okay on input line 4.
LaTeX Font Info:    Checking defaults for OMX/cmex/m/n on input line 4.
LaTeX Font Info:    ... okay on input line 4.
LaTeX Font Info:    Checking defaults for U/cmr/m/n on input line 4.
LaTeX Font Info:    ... okay on input line 4.
\AtBeginShipoutBox=\box28

(E:\CTEX\MiKTeX\tex\context\base\supp-pdf.mkii
[Loading MPS to PDF converter (version 2006.09.02).]
\scratchcounter=\count92
\scratchdimen=\dimen107
\scratchbox=\box29
\nofMPsegments=\count93
\nofMParguments=\count94
\everyMPshowfont=\toks16
\MPscratchCnt=\count95
\MPscratchDim=\dimen108
\MPnumerator=\count96
\makeMPintoPDFobject=\count97
\everyMPtoPDFconversion=\toks17
) <./Hanzhuowei/Masterurkunde.pdf, id=3, page=1, 614.295pt x 794.97pt>
File: ./Hanzhuowei/Masterurkunde.pdf Graphic file (type pdf)

<use ./Hanzhuowei/Masterurkunde.pdf, page 1>
Package pdftex.def Info: ./Hanzhuowei/Masterurkunde.pdf, page1 used on input li
ne 5.
(pdftex.def)             Requested size: 614.29349pt x 794.96806pt.
File: ./Hanzhuowei/Masterurkunde.pdf Graphic file (type pdf)

<use ./Hanzhuowei/Masterurkunde.pdf, page 1>
Package pdftex.def Info: ./Hanzhuowei/Masterurkunde.pdf, page1 used on input li
ne 5.
(pdftex.def)             Requested size: 614.58406pt x 795.3441pt.
File: ./Hanzhuowei/Masterurkunde.pdf Graphic file (type pdf)

<use ./Hanzhuowei/Masterurkunde.pdf, page 1>
Package pdftex.def Info: ./Hanzhuowei/Masterurkunde.pdf, page1 used on input li
ne 5.
(pdftex.def)             Requested size: 614.58406pt x 795.3441pt.
File: ./Hanzhuowei/Masterurkunde.pdf Graphic file (type pdf)

<use ./Hanzhuowei/Masterurkunde.pdf, page 1>
Package pdftex.def Info: ./Hanzhuowei/Masterurkunde.pdf, page1 used on input li
ne 5.
(pdftex.def)             Requested size: 614.58406pt x 795.3441pt.
File: ./Hanzhuowei/Masterurkunde.pdf Graphic file (type pdf)

<use ./Hanzhuowei/Masterurkunde.pdf, page 1>
Package pdftex.def Info: ./Hanzhuowei/Masterurkunde.pdf, page1 used on input li
ne 5.
(pdftex.def)             Requested size: 614.58406pt x 795.3441pt.
 [1

 <F:/lebenslauf/Personal/Certificates/Hanzhuowei/Masterurkunde.pdf>]
<./Hanzhuowei/Masterurkunde.pdf, id=10, page=2, 614.295pt x 794.97pt>
File: ./Hanzhuowei/Masterurkunde.pdf Graphic file (type pdf)

<use ./Hanzhuowei/Masterurkunde.pdf, page 2>
Package pdftex.def Info: ./Hanzhuowei/Masterurkunde.pdf, page2 used on input li
ne 5.
(pdftex.def)             Requested size: 614.58406pt x 795.3441pt.
File: ./Hanzhuowei/Masterurkunde.pdf Graphic file (type pdf)

<use ./Hanzhuowei/Masterurkunde.pdf, page 2>
Package pdftex.def Info: ./Hanzhuowei/Masterurkunde.pdf, page2 used on input li
ne 5.
(pdftex.def)             Requested size: 614.58406pt x 795.3441pt.
File: ./Hanzhuowei/Masterurkunde.pdf Graphic file (type pdf)

<use ./Hanzhuowei/Masterurkunde.pdf, page 2>
Package pdftex.def Info: ./Hanzhuowei/Masterurkunde.pdf, page2 used on input li
ne 5.
(pdftex.def)             Requested size: 614.58406pt x 795.3441pt.
 [2 <F:/lebenslauf/Personal/Certificates/Hanzhuowei/Masterurkunde.pdf>]
<./Hanzhuowei/Masterurkunde.pdf, id=15, page=3, 614.295pt x 794.97pt>
File: ./Hanzhuowei/Masterurkunde.pdf Graphic file (type pdf)

<use ./Hanzhuowei/Masterurkunde.pdf, page 3>
Package pdftex.def Info: ./Hanzhuowei/Masterurkunde.pdf, page3 used on input li
ne 5.
(pdftex.def)             Requested size: 614.58406pt x 795.3441pt.
File: ./Hanzhuowei/Masterurkunde.pdf Graphic file (type pdf)

<use ./Hanzhuowei/Masterurkunde.pdf, page 3>
Package pdftex.def Info: ./Hanzhuowei/Masterurkunde.pdf, page3 used on input li
ne 5.
(pdftex.def)             Requested size: 614.58406pt x 795.3441pt.
File: ./Hanzhuowei/Masterurkunde.pdf Graphic file (type pdf)

<use ./Hanzhuowei/Masterurkunde.pdf, page 3>
Package pdftex.def Info: ./Hanzhuowei/Masterurkunde.pdf, page3 used on input li
ne 5.
(pdftex.def)             Requested size: 614.58406pt x 795.3441pt.
 [3 <F:/lebenslauf/Personal/Certificates/Hanzhuowei/Masterurkunde.pdf>]
<./Hanzhuowei/Masterurkunde.pdf, id=20, page=4, 614.295pt x 794.97pt>
File: ./Hanzhuowei/Masterurkunde.pdf Graphic file (type pdf)

<use ./Hanzhuowei/Masterurkunde.pdf, page 4>
Package pdftex.def Info: ./Hanzhuowei/Masterurkunde.pdf, page4 used on input li
ne 5.
(pdftex.def)             Requested size: 614.58406pt x 795.3441pt.
File: ./Hanzhuowei/Masterurkunde.pdf Graphic file (type pdf)

<use ./Hanzhuowei/Masterurkunde.pdf, page 4>
Package pdftex.def Info: ./Hanzhuowei/Masterurkunde.pdf, page4 used on input li
ne 5.
(pdftex.def)             Requested size: 614.58406pt x 795.3441pt.
File: ./Hanzhuowei/Masterurkunde.pdf Graphic file (type pdf)

<use ./Hanzhuowei/Masterurkunde.pdf, page 4>
Package pdftex.def Info: ./Hanzhuowei/Masterurkunde.pdf, page4 used on input li
ne 5.
(pdftex.def)             Requested size: 614.58406pt x 795.3441pt.
 [4 <F:/lebenslauf/Personal/Certificates/Hanzhuowei/Masterurkunde.pdf>]
<Notenspiegel_Master_Han.pdf, id=27, page=1, 597.23125pt x 845.1575pt>
File: Notenspiegel_Master_Han.pdf Graphic file (type pdf)

<use Notenspiegel_Master_Han.pdf, page 1>
Package pdftex.def Info: Notenspiegel_Master_Han.pdf, page1 used on input line 
6.
(pdftex.def)             Requested size: 597.22978pt x 845.15544pt.
File: Notenspiegel_Master_Han.pdf Graphic file (type pdf)

<use Notenspiegel_Master_Han.pdf, page 1>
Package pdftex.def Info: Notenspiegel_Master_Han.pdf, page1 used on input line 
6.
(pdftex.def)             Requested size: 561.86221pt x 795.10587pt.
File: Notenspiegel_Master_Han.pdf Graphic file (type pdf)

<use Notenspiegel_Master_Han.pdf, page 1>
Package pdftex.def Info: Notenspiegel_Master_Han.pdf, page1 used on input line 
6.
(pdftex.def)             Requested size: 561.86221pt x 795.10587pt.
File: Notenspiegel_Master_Han.pdf Graphic file (type pdf)

<use Notenspiegel_Master_Han.pdf, page 1>
Package pdftex.def Info: Notenspiegel_Master_Han.pdf, page1 used on input line 
6.
(pdftex.def)             Requested size: 561.86221pt x 795.10587pt.
File: Notenspiegel_Master_Han.pdf Graphic file (type pdf)

<use Notenspiegel_Master_Han.pdf, page 1>
Package pdftex.def Info: Notenspiegel_Master_Han.pdf, page1 used on input line 
6.
(pdftex.def)             Requested size: 561.86221pt x 795.10587pt.
 [5 <F:/lebenslauf/Personal/Certificates/Notenspiegel_Master_Han.pdf>]
<BachelorUrkunde.pdf, id=41, page=1, 597.23125pt x 845.1575pt>
File: BachelorUrkunde.pdf Graphic file (type pdf)

<use BachelorUrkunde.pdf, page 1>
Package pdftex.def Info: BachelorUrkunde.pdf, page1 used on input line 7.
(pdftex.def)             Requested size: 597.22978pt x 845.15544pt.
File: BachelorUrkunde.pdf Graphic file (type pdf)
 <use BachelorUrkunde.pdf, page 1>
Package pdftex.def Info: BachelorUrkunde.pdf, page1 used on input line 7.
(pdftex.def)             Requested size: 561.86221pt x 795.10587pt.
File: BachelorUrkunde.pdf Graphic file (type pdf)

<use BachelorUrkunde.pdf, page 1>
Package pdftex.def Info: BachelorUrkunde.pdf, page1 used on input line 7.
(pdftex.def)             Requested size: 561.86221pt x 795.10587pt.
File: BachelorUrkunde.pdf Graphic file (type pdf)
 <use BachelorUrkunde.pdf, page 1>
Package pdftex.def Info: BachelorUrkunde.pdf, page1 used on input line 7.
(pdftex.def)             Requested size: 561.86221pt x 795.10587pt.
File: BachelorUrkunde.pdf Graphic file (type pdf)

<use BachelorUrkunde.pdf, page 1>
Package pdftex.def Info: BachelorUrkunde.pdf, page1 used on input line 7.
(pdftex.def)             Requested size: 561.86221pt x 795.10587pt.
 [6 <F:/lebenslauf/Personal/Certificates/BachelorUrkunde.pdf>]
<BachelorUrkunde.pdf, id=48, page=2, 597.23125pt x 845.1575pt>
File: BachelorUrkunde.pdf Graphic file (type pdf)

<use BachelorUrkunde.pdf, page 2>
Package pdftex.def Info: BachelorUrkunde.pdf, page2 used on input line 7.
(pdftex.def)             Requested size: 561.86221pt x 795.10587pt.
File: BachelorUrkunde.pdf Graphic file (type pdf)
 <use BachelorUrkunde.pdf, page 2>
Package pdftex.def Info: BachelorUrkunde.pdf, page2 used on input line 7.
(pdftex.def)             Requested size: 561.86221pt x 795.10587pt.
File: BachelorUrkunde.pdf Graphic file (type pdf)

<use BachelorUrkunde.pdf, page 2>
Package pdftex.def Info: BachelorUrkunde.pdf, page2 used on input line 7.
(pdftex.def)             Requested size: 561.86221pt x 795.10587pt.
 [7 <F:/lebenslauf/Personal/Certificates/BachelorUrkunde.pdf>]
<BachelorUrkunde.pdf, id=54, page=3, 597.23125pt x 845.1575pt>
File: BachelorUrkunde.pdf Graphic file (type pdf)

<use BachelorUrkunde.pdf, page 3>
Package pdftex.def Info: BachelorUrkunde.pdf, page3 used on input line 7.
(pdftex.def)             Requested size: 561.86221pt x 795.10587pt.
File: BachelorUrkunde.pdf Graphic file (type pdf)
 <use BachelorUrkunde.pdf, page 3>
Package pdftex.def Info: BachelorUrkunde.pdf, page3 used on input line 7.
(pdftex.def)             Requested size: 561.86221pt x 795.10587pt.
File: BachelorUrkunde.pdf Graphic file (type pdf)

<use BachelorUrkunde.pdf, page 3>
Package pdftex.def Info: BachelorUrkunde.pdf, page3 used on input line 7.
(pdftex.def)             Requested size: 561.86221pt x 795.10587pt.
 [8 <F:/lebenslauf/Personal/Certificates/BachelorUrkunde.pdf>]
<BachelorUrkunde.pdf, id=59, page=4, 597.23125pt x 845.1575pt>
File: BachelorUrkunde.pdf Graphic file (type pdf)

<use BachelorUrkunde.pdf, page 4>
Package pdftex.def Info: BachelorUrkunde.pdf, page4 used on input line 7.
(pdftex.def)             Requested size: 561.86221pt x 795.10587pt.
File: BachelorUrkunde.pdf Graphic file (type pdf)
 <use BachelorUrkunde.pdf, page 4>
Package pdftex.def Info: BachelorUrkunde.pdf, page4 used on input line 7.
(pdftex.def)             Requested size: 561.86221pt x 795.10587pt.
File: BachelorUrkunde.pdf Graphic file (type pdf)

<use BachelorUrkunde.pdf, page 4>
Package pdftex.def Info: BachelorUrkunde.pdf, page4 used on input line 7.
(pdftex.def)             Requested size: 561.86221pt x 795.10587pt.
 [9 <F:/lebenslauf/Personal/Certificates/BachelorUrkunde.pdf>] (F:\lebenslauf\P
ersonal\Certificates\Certificates_Mappe.aux) ) 
Here is how much of TeX's memory you used:
 2367 strings out of 495354
 32433 string characters out of 3183859
 87366 words of memory out of 3000000
 5552 multiletter control sequences out of 15000+200000
 3640 words of font info for 14 fonts, out of 3000000 for 9000
 14 hyphenation exceptions out of 8191
 40i,18n,44p,258b,399s stack positions out of 5000i,500n,10000p,200000b,50000s

Output written on Certificates_Mappe.pdf (9 pages, 2606771 bytes).
PDF statistics:
 66 PDF objects out of 1000 (max. 8388607)
 0 named destinations out of 1000 (max. 500000)
 76 words of extra memory for PDF output out of 10000 (max. 10000000)

